nohup: ignoring input

  .   ____          _            __ _ _
 /\\ / ___'_ __ _ _(_)_ __  __ _ \ \ \ \
( ( )\___ | '_ | '_| | '_ \/ _` | \ \ \ \
 \\/  ___)| |_)| | | | | || (_| |  ) ) ) )
  '  |____| .__|_| |_|_| |_\__, | / / / /
 =========|_|==============|___/=/_/_/_/
 :: Spring Boot ::                (v2.7.1)

2023-08-11 14:27:02.812  INFO 207358 --- [           main] bssm.bsm.BsmApplication                  : Starting BsmApplication using Java 17.0.8 on instance-1 with PID 207358 (/home/rlaghgus1001/BSM-Backend-V2/build/libs/bsm-2.1.0.jar started by rlaghgus1001 in /home/rlaghgus1001/BSM-Backend-V2)
2023-08-11 14:27:02.818  INFO 207358 --- [           main] bssm.bsm.BsmApplication                  : No active profile set, falling back to 1 default profile: "default"
2023-08-11 14:27:04.202  INFO 207358 --- [           main] .s.d.r.c.RepositoryConfigurationDelegate : Multiple Spring Data modules found, entering strict repository configuration mode
2023-08-11 14:27:04.203  INFO 207358 --- [           main] .s.d.r.c.RepositoryConfigurationDelegate : Bootstrapping Spring Data Redis repositories in DEFAULT mode.
2023-08-11 14:27:04.255  INFO 207358 --- [           main] .s.d.r.c.RepositoryConfigurationDelegate : Finished Spring Data repository scanning in 27 ms. Found 0 Redis repository interfaces.
2023-08-11 14:27:04.564  INFO 207358 --- [           main] .s.d.r.c.RepositoryConfigurationDelegate : Multiple Spring Data modules found, entering strict repository configuration mode
2023-08-11 14:27:04.565  INFO 207358 --- [           main] .s.d.r.c.RepositoryConfigurationDelegate : Bootstrapping Spring Data JPA repositories in DEFAULT mode.
2023-08-11 14:27:04.960  INFO 207358 --- [           main] .s.d.r.c.RepositoryConfigurationDelegate : Finished Spring Data repository scanning in 390 ms. Found 22 JPA repository interfaces.
2023-08-11 14:27:04.978  INFO 207358 --- [           main] .s.d.r.c.RepositoryConfigurationDelegate : Multiple Spring Data modules found, entering strict repository configuration mode
2023-08-11 14:27:04.979  INFO 207358 --- [           main] .s.d.r.c.RepositoryConfigurationDelegate : Bootstrapping Spring Data Redis repositories in DEFAULT mode.
2023-08-11 14:27:05.001  INFO 207358 --- [           main] .RepositoryConfigurationExtensionSupport : Spring Data Redis - Could not safely identify store assignment for repository candidate interface bssm.bsm.domain.user.domain.repository.StudentRepository; If you want this repository to be a Redis repository, consider annotating your entities with one of these annotations: org.springframework.data.redis.core.RedisHash (preferred), or consider extending one of the following types with your repository: org.springframework.data.keyvalue.repository.KeyValueRepository
2023-08-11 14:27:05.002  INFO 207358 --- [           main] .RepositoryConfigurationExtensionSupport : Spring Data Redis - Could not safely identify store assignment for repository candidate interface bssm.bsm.domain.user.domain.repository.TeacherRepository; If you want this repository to be a Redis repository, consider annotating your entities with one of these annotations: org.springframework.data.redis.core.RedisHash (preferred), or consider extending one of the following types with your repository: org.springframework.data.keyvalue.repository.KeyValueRepository
2023-08-11 14:27:05.006  INFO 207358 --- [           main] .RepositoryConfigurationExtensionSupport : Spring Data Redis - Could not safely identify store assignment for repository candidate interface bssm.bsm.domain.user.domain.repository.UserRepository; If you want this repository to be a Redis repository, consider annotating your entities with one of these annotations: org.springframework.data.redis.core.RedisHash (preferred), or consider extending one of the following types with your repository: org.springframework.data.keyvalue.repository.KeyValueRepository
2023-08-11 14:27:05.007  INFO 207358 --- [           main] .RepositoryConfigurationExtensionSupport : Spring Data Redis - Could not safely identify store assignment for repository candidate interface bssm.bsm.domain.auth.domain.repository.RefreshTokenRepository; If you want this repository to be a Redis repository, consider annotating your entities with one of these annotations: org.springframework.data.redis.core.RedisHash (preferred), or consider extending one of the following types with your repository: org.springframework.data.keyvalue.repository.KeyValueRepository
2023-08-11 14:27:05.008  INFO 207358 --- [           main] .RepositoryConfigurationExtensionSupport : Spring Data Redis - Could not safely identify store assignment for repository candidate interface bssm.bsm.domain.banner.domain.BannerRepository; If you want this repository to be a Redis repository, consider annotating your entities with one of these annotations: org.springframework.data.redis.core.RedisHash (preferred), or consider extending one of the following types with your repository: org.springframework.data.keyvalue.repository.KeyValueRepository
2023-08-11 14:27:05.009  INFO 207358 --- [           main] .RepositoryConfigurationExtensionSupport : Spring Data Redis - Could not safely identify store assignment for repository candidate interface bssm.bsm.domain.board.emoticon.domain.repository.EmoticonItemRepository; If you want this repository to be a Redis repository, consider annotating your entities with one of these annotations: org.springframework.data.redis.core.RedisHash (preferred), or consider extending one of the following types with your repository: org.springframework.data.keyvalue.repository.KeyValueRepository
2023-08-11 14:27:05.010  INFO 207358 --- [           main] .RepositoryConfigurationExtensionSupport : Spring Data Redis - Could not safely identify store assignment for repository candidate interface bssm.bsm.domain.board.emoticon.domain.repository.EmoticonRepository; If you want this repository to be a Redis repository, consider annotating your entities with one of these annotations: org.springframework.data.redis.core.RedisHash (preferred), or consider extending one of the following types with your repository: org.springframework.data.keyvalue.repository.KeyValueRepository
2023-08-11 14:27:05.012  INFO 207358 --- [           main] .RepositoryConfigurationExtensionSupport : Spring Data Redis - Could not safely identify store assignment for repository candidate interface bssm.bsm.domain.board.post.domain.repository.PostRepository; If you want this repository to be a Redis repository, consider annotating your entities with one of these annotations: org.springframework.data.redis.core.RedisHash (preferred), or consider extending one of the following types with your repository: org.springframework.data.keyvalue.repository.KeyValueRepository
2023-08-11 14:27:05.013  INFO 207358 --- [           main] .RepositoryConfigurationExtensionSupport : Spring Data Redis - Could not safely identify store assignment for repository candidate interface bssm.bsm.domain.board.like.domain.repository.LikeRepository; If you want this repository to be a Redis repository, consider annotating your entities with one of these annotations: org.springframework.data.redis.core.RedisHash (preferred), or consider extending one of the following types with your repository: org.springframework.data.keyvalue.repository.KeyValueRepository
2023-08-11 14:27:05.014  INFO 207358 --- [           main] .RepositoryConfigurationExtensionSupport : Spring Data Redis - Could not safely identify store assignment for repository candidate interface bssm.bsm.domain.board.board.domain.repository.BoardRepository; If you want this repository to be a Redis repository, consider annotating your entities with one of these annotations: org.springframework.data.redis.core.RedisHash (preferred), or consider extending one of the following types with your repository: org.springframework.data.keyvalue.repository.KeyValueRepository
2023-08-11 14:27:05.015  INFO 207358 --- [           main] .RepositoryConfigurationExtensionSupport : Spring Data Redis - Could not safely identify store assignment for repository candidate interface bssm.bsm.domain.board.lostfound.domain.repository.LostFoundRepository; If you want this repository to be a Redis repository, consider annotating your entities with one of these annotations: org.springframework.data.redis.core.RedisHash (preferred), or consider extending one of the following types with your repository: org.springframework.data.keyvalue.repository.KeyValueRepository
2023-08-11 14:27:05.016  INFO 207358 --- [           main] .RepositoryConfigurationExtensionSupport : Spring Data Redis - Could not safely identify store assignment for repository candidate interface bssm.bsm.domain.board.comment.domain.repository.CommentRepository; If you want this repository to be a Redis repository, consider annotating your entities with one of these annotations: org.springframework.data.redis.core.RedisHash (preferred), or consider extending one of the following types with your repository: org.springframework.data.keyvalue.repository.KeyValueRepository
2023-08-11 14:27:05.017  INFO 207358 --- [           main] .RepositoryConfigurationExtensionSupport : Spring Data Redis - Could not safely identify store assignment for repository candidate interface bssm.bsm.domain.board.category.domain.repository.PostCategoryRepository; If you want this repository to be a Redis repository, consider annotating your entities with one of these annotations: org.springframework.data.redis.core.RedisHash (preferred), or consider extending one of the following types with your repository: org.springframework.data.keyvalue.repository.KeyValueRepository
2023-08-11 14:27:05.018  INFO 207358 --- [           main] .RepositoryConfigurationExtensionSupport : Spring Data Redis - Could not safely identify store assignment for repository candidate interface bssm.bsm.domain.school.timetable.domain.manage.TimetableManageRepository; If you want this repository to be a Redis repository, consider annotating your entities with one of these annotations: org.springframework.data.redis.core.RedisHash (preferred), or consider extending one of the following types with your repository: org.springframework.data.keyvalue.repository.KeyValueRepository
2023-08-11 14:27:05.018  INFO 207358 --- [           main] .RepositoryConfigurationExtensionSupport : Spring Data Redis - Could not safely identify store assignment for repository candidate interface bssm.bsm.domain.school.timetable.domain.manage.TimetableManageItemRepository; If you want this repository to be a Redis repository, consider annotating your entities with one of these annotations: org.springframework.data.redis.core.RedisHash (preferred), or consider extending one of the following types with your repository: org.springframework.data.keyvalue.repository.KeyValueRepository
2023-08-11 14:27:05.019  INFO 207358 --- [           main] .RepositoryConfigurationExtensionSupport : Spring Data Redis - Could not safely identify store assignment for repository candidate interface bssm.bsm.domain.school.timetable.domain.timetable.TimetableItemRepository; If you want this repository to be a Redis repository, consider annotating your entities with one of these annotations: org.springframework.data.redis.core.RedisHash (preferred), or consider extending one of the following types with your repository: org.springframework.data.keyvalue.repository.KeyValueRepository
2023-08-11 14:27:05.020  INFO 207358 --- [           main] .RepositoryConfigurationExtensionSupport : Spring Data Redis - Could not safely identify store assignment for repository candidate interface bssm.bsm.domain.school.timetable.domain.timetable.TimetableRepository; If you want this repository to be a Redis repository, consider annotating your entities with one of these annotations: org.springframework.data.redis.core.RedisHash (preferred), or consider extending one of the following types with your repository: org.springframework.data.keyvalue.repository.KeyValueRepository
2023-08-11 14:27:05.021  INFO 207358 --- [           main] .RepositoryConfigurationExtensionSupport : Spring Data Redis - Could not safely identify store assignment for repository candidate interface bssm.bsm.domain.school.meal.domain.MealRepository; If you want this repository to be a Redis repository, consider annotating your entities with one of these annotations: org.springframework.data.redis.core.RedisHash (preferred), or consider extending one of the following types with your repository: org.springframework.data.keyvalue.repository.KeyValueRepository
2023-08-11 14:27:05.021  INFO 207358 --- [           main] .RepositoryConfigurationExtensionSupport : Spring Data Redis - Could not safely identify store assignment for repository candidate interface bssm.bsm.domain.school.meister.domain.MeisterInfoRepository; If you want this repository to be a Redis repository, consider annotating your entities with one of these annotations: org.springframework.data.redis.core.RedisHash (preferred), or consider extending one of the following types with your repository: org.springframework.data.keyvalue.repository.KeyValueRepository
2023-08-11 14:27:05.022  INFO 207358 --- [           main] .RepositoryConfigurationExtensionSupport : Spring Data Redis - Could not safely identify store assignment for repository candidate interface bssm.bsm.domain.school.meister.domain.MeisterDataRepository; If you want this repository to be a Redis repository, consider annotating your entities with one of these annotations: org.springframework.data.redis.core.RedisHash (preferred), or consider extending one of the following types with your repository: org.springframework.data.keyvalue.repository.KeyValueRepository
2023-08-11 14:27:05.022  INFO 207358 --- [           main] .RepositoryConfigurationExtensionSupport : Spring Data Redis - Could not safely identify store assignment for repository candidate interface bssm.bsm.domain.webpush.domain.repository.WebPushRepository; If you want this repository to be a Redis repository, consider annotating your entities with one of these annotations: org.springframework.data.redis.core.RedisHash (preferred), or consider extending one of the following types with your repository: org.springframework.data.keyvalue.repository.KeyValueRepository
2023-08-11 14:27:05.031  INFO 207358 --- [           main] .s.d.r.c.RepositoryConfigurationDelegate : Finished Spring Data repository scanning in 51 ms. Found 1 Redis repository interfaces.
2023-08-11 14:27:06.638  INFO 207358 --- [           main] o.s.b.w.embedded.tomcat.TomcatWebServer  : Tomcat initialized with port(s): 8080 (http)
2023-08-11 14:27:06.657  INFO 207358 --- [           main] o.apache.catalina.core.StandardService   : Starting service [Tomcat]
2023-08-11 14:27:06.658  INFO 207358 --- [           main] org.apache.catalina.core.StandardEngine  : Starting Servlet engine: [Apache Tomcat/9.0.64]
2023-08-11 14:27:06.796  INFO 207358 --- [           main] o.a.c.c.C.[Tomcat].[localhost].[/api]    : Initializing Spring embedded WebApplicationContext
2023-08-11 14:27:06.797  INFO 207358 --- [           main] w.s.c.ServletWebServerApplicationContext : Root WebApplicationContext: initialization completed in 3825 ms
2023-08-11 14:27:07.170  INFO 207358 --- [           main] o.hibernate.jpa.internal.util.LogHelper  : HHH000204: Processing PersistenceUnitInfo [name: default]
2023-08-11 14:27:07.300  INFO 207358 --- [           main] org.hibernate.Version                    : HHH000412: Hibernate ORM core version 5.6.9.Final
2023-08-11 14:27:07.649  INFO 207358 --- [           main] o.hibernate.annotations.common.Version   : HCANN000001: Hibernate Commons Annotations {5.1.2.Final}
2023-08-11 14:27:07.834  INFO 207358 --- [           main] com.zaxxer.hikari.HikariDataSource       : HikariPool-1 - Starting...
2023-08-11 14:27:08.342  INFO 207358 --- [           main] com.zaxxer.hikari.HikariDataSource       : HikariPool-1 - Start completed.
2023-08-11 14:27:08.373  INFO 207358 --- [           main] org.hibernate.dialect.Dialect            : HHH000400: Using dialect: org.hibernate.dialect.MySQL57Dialect
Hibernate: 
    
    alter table comment 
       add constraint FK840q5rmr6su59jx08ltdl89ni 
       foreign key (board_id, post_id) 
       references post (board_id, id)
2023-08-11 14:27:10.817  WARN 207358 --- [           main] o.h.t.s.i.ExceptionHandlerLoggedImpl     : GenerationTarget encountered exception accepting command : Error executing DDL "
    alter table comment 
       add constraint FK840q5rmr6su59jx08ltdl89ni 
       foreign key (board_id, post_id) 
       references post (board_id, id)" via JDBC Statement

org.hibernate.tool.schema.spi.CommandAcceptanceException: Error executing DDL "
    alter table comment 
       add constraint FK840q5rmr6su59jx08ltdl89ni 
       foreign key (board_id, post_id) 
       references post (board_id, id)" via JDBC Statement
	at org.hibernate.tool.schema.internal.exec.GenerationTargetToDatabase.accept(GenerationTargetToDatabase.java:67) ~[hibernate-core-5.6.9.Final.jar!/:5.6.9.Final]
	at org.hibernate.tool.schema.internal.AbstractSchemaMigrator.applySqlString(AbstractSchemaMigrator.java:581) ~[hibernate-core-5.6.9.Final.jar!/:5.6.9.Final]
	at org.hibernate.tool.schema.internal.AbstractSchemaMigrator.applySqlStrings(AbstractSchemaMigrator.java:526) ~[hibernate-core-5.6.9.Final.jar!/:5.6.9.Final]
	at org.hibernate.tool.schema.internal.AbstractSchemaMigrator.applyForeignKeys(AbstractSchemaMigrator.java:452) ~[hibernate-core-5.6.9.Final.jar!/:5.6.9.Final]
	at org.hibernate.tool.schema.internal.AbstractSchemaMigrator.performMigration(AbstractSchemaMigrator.java:263) ~[hibernate-core-5.6.9.Final.jar!/:5.6.9.Final]
	at org.hibernate.tool.schema.internal.AbstractSchemaMigrator.doMigration(AbstractSchemaMigrator.java:123) ~[hibernate-core-5.6.9.Final.jar!/:5.6.9.Final]
	at org.hibernate.tool.schema.spi.SchemaManagementToolCoordinator.performDatabaseAction(SchemaManagementToolCoordinator.java:196) ~[hibernate-core-5.6.9.Final.jar!/:5.6.9.Final]
	at org.hibernate.tool.schema.spi.SchemaManagementToolCoordinator.process(SchemaManagementToolCoordinator.java:85) ~[hibernate-core-5.6.9.Final.jar!/:5.6.9.Final]
	at org.hibernate.internal.SessionFactoryImpl.<init>(SessionFactoryImpl.java:335) ~[hibernate-core-5.6.9.Final.jar!/:5.6.9.Final]
	at org.hibernate.boot.internal.SessionFactoryBuilderImpl.build(SessionFactoryBuilderImpl.java:471) ~[hibernate-core-5.6.9.Final.jar!/:5.6.9.Final]
	at org.hibernate.jpa.boot.internal.EntityManagerFactoryBuilderImpl.build(EntityManagerFactoryBuilderImpl.java:1498) ~[hibernate-core-5.6.9.Final.jar!/:5.6.9.Final]
	at org.springframework.orm.jpa.vendor.SpringHibernateJpaPersistenceProvider.createContainerEntityManagerFactory(SpringHibernateJpaPersistenceProvider.java:58) ~[spring-orm-5.3.21.jar!/:5.3.21]
	at org.springframework.orm.jpa.LocalContainerEntityManagerFactoryBean.createNativeEntityManagerFactory(LocalContainerEntityManagerFactoryBean.java:365) ~[spring-orm-5.3.21.jar!/:5.3.21]
	at org.springframework.orm.jpa.AbstractEntityManagerFactoryBean.buildNativeEntityManagerFactory(AbstractEntityManagerFactoryBean.java:409) ~[spring-orm-5.3.21.jar!/:5.3.21]
	at org.springframework.orm.jpa.AbstractEntityManagerFactoryBean.afterPropertiesSet(AbstractEntityManagerFactoryBean.java:396) ~[spring-orm-5.3.21.jar!/:5.3.21]
	at org.springframework.orm.jpa.LocalContainerEntityManagerFactoryBean.afterPropertiesSet(LocalContainerEntityManagerFactoryBean.java:341) ~[spring-orm-5.3.21.jar!/:5.3.21]
	at org.springframework.beans.factory.support.AbstractAutowireCapableBeanFactory.invokeInitMethods(AbstractAutowireCapableBeanFactory.java:1863) ~[spring-beans-5.3.21.jar!/:5.3.21]
	at org.springframework.beans.factory.support.AbstractAutowireCapableBeanFactory.initializeBean(AbstractAutowireCapableBeanFactory.java:1800) ~[spring-beans-5.3.21.jar!/:5.3.21]
	at org.springframework.beans.factory.support.AbstractAutowireCapableBeanFactory.doCreateBean(AbstractAutowireCapableBeanFactory.java:620) ~[spring-beans-5.3.21.jar!/:5.3.21]
	at org.springframework.beans.factory.support.AbstractAutowireCapableBeanFactory.createBean(AbstractAutowireCapableBeanFactory.java:542) ~[spring-beans-5.3.21.jar!/:5.3.21]
	at org.springframework.beans.factory.support.AbstractBeanFactory.lambda$doGetBean$0(AbstractBeanFactory.java:335) ~[spring-beans-5.3.21.jar!/:5.3.21]
	at org.springframework.beans.factory.support.DefaultSingletonBeanRegistry.getSingleton(DefaultSingletonBeanRegistry.java:234) ~[spring-beans-5.3.21.jar!/:5.3.21]
	at org.springframework.beans.factory.support.AbstractBeanFactory.doGetBean(AbstractBeanFactory.java:333) ~[spring-beans-5.3.21.jar!/:5.3.21]
	at org.springframework.beans.factory.support.AbstractBeanFactory.getBean(AbstractBeanFactory.java:208) ~[spring-beans-5.3.21.jar!/:5.3.21]
	at org.springframework.beans.factory.support.BeanDefinitionValueResolver.resolveReference(BeanDefinitionValueResolver.java:330) ~[spring-beans-5.3.21.jar!/:5.3.21]
	at org.springframework.beans.factory.support.BeanDefinitionValueResolver.resolveValueIfNecessary(BeanDefinitionValueResolver.java:113) ~[spring-beans-5.3.21.jar!/:5.3.21]
	at org.springframework.beans.factory.support.ConstructorResolver.resolveConstructorArguments(ConstructorResolver.java:693) ~[spring-beans-5.3.21.jar!/:5.3.21]
	at org.springframework.beans.factory.support.ConstructorResolver.instantiateUsingFactoryMethod(ConstructorResolver.java:510) ~[spring-beans-5.3.21.jar!/:5.3.21]
	at org.springframework.beans.factory.support.AbstractAutowireCapableBeanFactory.instantiateUsingFactoryMethod(AbstractAutowireCapableBeanFactory.java:1352) ~[spring-beans-5.3.21.jar!/:5.3.21]
	at org.springframework.beans.factory.support.AbstractAutowireCapableBeanFactory.createBeanInstance(AbstractAutowireCapableBeanFactory.java:1195) ~[spring-beans-5.3.21.jar!/:5.3.21]
	at org.springframework.beans.factory.support.AbstractAutowireCapableBeanFactory.doCreateBean(AbstractAutowireCapableBeanFactory.java:582) ~[spring-beans-5.3.21.jar!/:5.3.21]
	at org.springframework.beans.factory.support.AbstractAutowireCapableBeanFactory.createBean(AbstractAutowireCapableBeanFactory.java:542) ~[spring-beans-5.3.21.jar!/:5.3.21]
	at org.springframework.beans.factory.support.BeanDefinitionValueResolver.resolveInnerBean(BeanDefinitionValueResolver.java:374) ~[spring-beans-5.3.21.jar!/:5.3.21]
	at org.springframework.beans.factory.support.BeanDefinitionValueResolver.resolveValueIfNecessary(BeanDefinitionValueResolver.java:134) ~[spring-beans-5.3.21.jar!/:5.3.21]
	at org.springframework.beans.factory.support.AbstractAutowireCapableBeanFactory.applyPropertyValues(AbstractAutowireCapableBeanFactory.java:1707) ~[spring-beans-5.3.21.jar!/:5.3.21]
	at org.springframework.beans.factory.support.AbstractAutowireCapableBeanFactory.populateBean(AbstractAutowireCapableBeanFactory.java:1452) ~[spring-beans-5.3.21.jar!/:5.3.21]
	at org.springframework.beans.factory.support.AbstractAutowireCapableBeanFactory.doCreateBean(AbstractAutowireCapableBeanFactory.java:619) ~[spring-beans-5.3.21.jar!/:5.3.21]
	at org.springframework.beans.factory.support.AbstractAutowireCapableBeanFactory.createBean(AbstractAutowireCapableBeanFactory.java:542) ~[spring-beans-5.3.21.jar!/:5.3.21]
	at org.springframework.beans.factory.support.AbstractBeanFactory.lambda$doGetBean$0(AbstractBeanFactory.java:335) ~[spring-beans-5.3.21.jar!/:5.3.21]
	at org.springframework.beans.factory.support.DefaultSingletonBeanRegistry.getSingleton(DefaultSingletonBeanRegistry.java:234) ~[spring-beans-5.3.21.jar!/:5.3.21]
	at org.springframework.beans.factory.support.AbstractBeanFactory.doGetBean(AbstractBeanFactory.java:333) ~[spring-beans-5.3.21.jar!/:5.3.21]
	at org.springframework.beans.factory.support.AbstractBeanFactory.getBean(AbstractBeanFactory.java:208) ~[spring-beans-5.3.21.jar!/:5.3.21]
	at org.springframework.beans.factory.config.DependencyDescriptor.resolveCandidate(DependencyDescriptor.java:276) ~[spring-beans-5.3.21.jar!/:5.3.21]
	at org.springframework.beans.factory.support.DefaultListableBeanFactory.doResolveDependency(DefaultListableBeanFactory.java:1391) ~[spring-beans-5.3.21.jar!/:5.3.21]
	at org.springframework.beans.factory.support.DefaultListableBeanFactory.resolveDependency(DefaultListableBeanFactory.java:1311) ~[spring-beans-5.3.21.jar!/:5.3.21]
	at org.springframework.beans.factory.support.ConstructorResolver.resolveAutowiredArgument(ConstructorResolver.java:887) ~[spring-beans-5.3.21.jar!/:5.3.21]
	at org.springframework.beans.factory.support.ConstructorResolver.createArgumentArray(ConstructorResolver.java:791) ~[spring-beans-5.3.21.jar!/:5.3.21]
	at org.springframework.beans.factory.support.ConstructorResolver.autowireConstructor(ConstructorResolver.java:229) ~[spring-beans-5.3.21.jar!/:5.3.21]
	at org.springframework.beans.factory.support.AbstractAutowireCapableBeanFactory.autowireConstructor(AbstractAutowireCapableBeanFactory.java:1372) ~[spring-beans-5.3.21.jar!/:5.3.21]
	at org.springframework.beans.factory.support.AbstractAutowireCapableBeanFactory.createBeanInstance(AbstractAutowireCapableBeanFactory.java:1222) ~[spring-beans-5.3.21.jar!/:5.3.21]
	at org.springframework.beans.factory.support.AbstractAutowireCapableBeanFactory.doCreateBean(AbstractAutowireCapableBeanFactory.java:582) ~[spring-beans-5.3.21.jar!/:5.3.21]
	at org.springframework.beans.factory.support.AbstractAutowireCapableBeanFactory.createBean(AbstractAutowireCapableBeanFactory.java:542) ~[spring-beans-5.3.21.jar!/:5.3.21]
	at org.springframework.beans.factory.support.AbstractBeanFactory.lambda$doGetBean$0(AbstractBeanFactory.java:335) ~[spring-beans-5.3.21.jar!/:5.3.21]
	at org.springframework.beans.factory.support.DefaultSingletonBeanRegistry.getSingleton(DefaultSingletonBeanRegistry.java:234) ~[spring-beans-5.3.21.jar!/:5.3.21]
	at org.springframework.beans.factory.support.AbstractBeanFactory.doGetBean(AbstractBeanFactory.java:333) ~[spring-beans-5.3.21.jar!/:5.3.21]
	at org.springframework.beans.factory.support.AbstractBeanFactory.getBean(AbstractBeanFactory.java:208) ~[spring-beans-5.3.21.jar!/:5.3.21]
	at org.springframework.beans.factory.config.DependencyDescriptor.resolveCandidate(DependencyDescriptor.java:276) ~[spring-beans-5.3.21.jar!/:5.3.21]
	at org.springframework.beans.factory.support.DefaultListableBeanFactory.doResolveDependency(DefaultListableBeanFactory.java:1391) ~[spring-beans-5.3.21.jar!/:5.3.21]
	at org.springframework.beans.factory.support.DefaultListableBeanFactory.resolveDependency(DefaultListableBeanFactory.java:1311) ~[spring-beans-5.3.21.jar!/:5.3.21]
	at org.springframework.beans.factory.support.ConstructorResolver.resolveAutowiredArgument(ConstructorResolver.java:887) ~[spring-beans-5.3.21.jar!/:5.3.21]
	at org.springframework.beans.factory.support.ConstructorResolver.createArgumentArray(ConstructorResolver.java:791) ~[spring-beans-5.3.21.jar!/:5.3.21]
	at org.springframework.beans.factory.support.ConstructorResolver.autowireConstructor(ConstructorResolver.java:229) ~[spring-beans-5.3.21.jar!/:5.3.21]
	at org.springframework.beans.factory.support.AbstractAutowireCapableBeanFactory.autowireConstructor(AbstractAutowireCapableBeanFactory.java:1372) ~[spring-beans-5.3.21.jar!/:5.3.21]
	at org.springframework.beans.factory.support.AbstractAutowireCapableBeanFactory.createBeanInstance(AbstractAutowireCapableBeanFactory.java:1222) ~[spring-beans-5.3.21.jar!/:5.3.21]
	at org.springframework.beans.factory.support.AbstractAutowireCapableBeanFactory.doCreateBean(AbstractAutowireCapableBeanFactory.java:582) ~[spring-beans-5.3.21.jar!/:5.3.21]
	at org.springframework.beans.factory.support.AbstractAutowireCapableBeanFactory.createBean(AbstractAutowireCapableBeanFactory.java:542) ~[spring-beans-5.3.21.jar!/:5.3.21]
	at org.springframework.beans.factory.support.AbstractBeanFactory.lambda$doGetBean$0(AbstractBeanFactory.java:335) ~[spring-beans-5.3.21.jar!/:5.3.21]
	at org.springframework.beans.factory.support.DefaultSingletonBeanRegistry.getSingleton(DefaultSingletonBeanRegistry.java:234) ~[spring-beans-5.3.21.jar!/:5.3.21]
	at org.springframework.beans.factory.support.AbstractBeanFactory.doGetBean(AbstractBeanFactory.java:333) ~[spring-beans-5.3.21.jar!/:5.3.21]
	at org.springframework.beans.factory.support.AbstractBeanFactory.getBean(AbstractBeanFactory.java:213) ~[spring-beans-5.3.21.jar!/:5.3.21]
	at org.springframework.boot.web.servlet.ServletContextInitializerBeans.getOrderedBeansOfType(ServletContextInitializerBeans.java:212) ~[spring-boot-2.7.1.jar!/:2.7.1]
	at org.springframework.boot.web.servlet.ServletContextInitializerBeans.addAsRegistrationBean(ServletContextInitializerBeans.java:175) ~[spring-boot-2.7.1.jar!/:2.7.1]
	at org.springframework.boot.web.servlet.ServletContextInitializerBeans.addAsRegistrationBean(ServletContextInitializerBeans.java:170) ~[spring-boot-2.7.1.jar!/:2.7.1]
	at org.springframework.boot.web.servlet.ServletContextInitializerBeans.addAdaptableBeans(ServletContextInitializerBeans.java:155) ~[spring-boot-2.7.1.jar!/:2.7.1]
	at org.springframework.boot.web.servlet.ServletContextInitializerBeans.<init>(ServletContextInitializerBeans.java:87) ~[spring-boot-2.7.1.jar!/:2.7.1]
	at org.springframework.boot.web.servlet.context.ServletWebServerApplicationContext.getServletContextInitializerBeans(ServletWebServerApplicationContext.java:262) ~[spring-boot-2.7.1.jar!/:2.7.1]
	at org.springframework.boot.web.servlet.context.ServletWebServerApplicationContext.selfInitialize(ServletWebServerApplicationContext.java:236) ~[spring-boot-2.7.1.jar!/:2.7.1]
	at org.springframework.boot.web.embedded.tomcat.TomcatStarter.onStartup(TomcatStarter.java:53) ~[spring-boot-2.7.1.jar!/:2.7.1]
	at org.apache.catalina.core.StandardContext.startInternal(StandardContext.java:5219) ~[tomcat-embed-core-9.0.64.jar!/:na]
	at org.apache.catalina.util.LifecycleBase.start(LifecycleBase.java:183) ~[tomcat-embed-core-9.0.64.jar!/:na]
	at org.apache.catalina.core.ContainerBase$StartChild.call(ContainerBase.java:1396) ~[tomcat-embed-core-9.0.64.jar!/:na]
	at org.apache.catalina.core.ContainerBase$StartChild.call(ContainerBase.java:1386) ~[tomcat-embed-core-9.0.64.jar!/:na]
	at java.base/java.util.concurrent.FutureTask.run(FutureTask.java:264) ~[na:na]
	at org.apache.tomcat.util.threads.InlineExecutorService.execute(InlineExecutorService.java:75) ~[tomcat-embed-core-9.0.64.jar!/:na]
	at java.base/java.util.concurrent.AbstractExecutorService.submit(AbstractExecutorService.java:145) ~[na:na]
	at org.apache.catalina.core.ContainerBase.startInternal(ContainerBase.java:919) ~[tomcat-embed-core-9.0.64.jar!/:na]
	at org.apache.catalina.core.StandardHost.startInternal(StandardHost.java:835) ~[tomcat-embed-core-9.0.64.jar!/:na]
	at org.apache.catalina.util.LifecycleBase.start(LifecycleBase.java:183) ~[tomcat-embed-core-9.0.64.jar!/:na]
	at org.apache.catalina.core.ContainerBase$StartChild.call(ContainerBase.java:1396) ~[tomcat-embed-core-9.0.64.jar!/:na]
	at org.apache.catalina.core.ContainerBase$StartChild.call(ContainerBase.java:1386) ~[tomcat-embed-core-9.0.64.jar!/:na]
	at java.base/java.util.concurrent.FutureTask.run(FutureTask.java:264) ~[na:na]
	at org.apache.tomcat.util.threads.InlineExecutorService.execute(InlineExecutorService.java:75) ~[tomcat-embed-core-9.0.64.jar!/:na]
	at java.base/java.util.concurrent.AbstractExecutorService.submit(AbstractExecutorService.java:145) ~[na:na]
	at org.apache.catalina.core.ContainerBase.startInternal(ContainerBase.java:919) ~[tomcat-embed-core-9.0.64.jar!/:na]
	at org.apache.catalina.core.StandardEngine.startInternal(StandardEngine.java:263) ~[tomcat-embed-core-9.0.64.jar!/:na]
	at org.apache.catalina.util.LifecycleBase.start(LifecycleBase.java:183) ~[tomcat-embed-core-9.0.64.jar!/:na]
	at org.apache.catalina.core.StandardService.startInternal(StandardService.java:432) ~[tomcat-embed-core-9.0.64.jar!/:na]
	at org.apache.catalina.util.LifecycleBase.start(LifecycleBase.java:183) ~[tomcat-embed-core-9.0.64.jar!/:na]
	at org.apache.catalina.core.StandardServer.startInternal(StandardServer.java:930) ~[tomcat-embed-core-9.0.64.jar!/:na]
	at org.apache.catalina.util.LifecycleBase.start(LifecycleBase.java:183) ~[tomcat-embed-core-9.0.64.jar!/:na]
	at org.apache.catalina.startup.Tomcat.start(Tomcat.java:486) ~[tomcat-embed-core-9.0.64.jar!/:na]
	at org.springframework.boot.web.embedded.tomcat.TomcatWebServer.initialize(TomcatWebServer.java:123) ~[spring-boot-2.7.1.jar!/:2.7.1]
	at org.springframework.boot.web.embedded.tomcat.TomcatWebServer.<init>(TomcatWebServer.java:104) ~[spring-boot-2.7.1.jar!/:2.7.1]
	at org.springframework.boot.web.embedded.tomcat.TomcatServletWebServerFactory.getTomcatWebServer(TomcatServletWebServerFactory.java:479) ~[spring-boot-2.7.1.jar!/:2.7.1]
	at org.springframework.boot.web.embedded.tomcat.TomcatServletWebServerFactory.getWebServer(TomcatServletWebServerFactory.java:211) ~[spring-boot-2.7.1.jar!/:2.7.1]
	at org.springframework.boot.web.servlet.context.ServletWebServerApplicationContext.createWebServer(ServletWebServerApplicationContext.java:184) ~[spring-boot-2.7.1.jar!/:2.7.1]
	at org.springframework.boot.web.servlet.context.ServletWebServerApplicationContext.onRefresh(ServletWebServerApplicationContext.java:162) ~[spring-boot-2.7.1.jar!/:2.7.1]
	at org.springframework.context.support.AbstractApplicationContext.refresh(AbstractApplicationContext.java:577) ~[spring-context-5.3.21.jar!/:5.3.21]
	at org.springframework.boot.web.servlet.context.ServletWebServerApplicationContext.refresh(ServletWebServerApplicationContext.java:147) ~[spring-boot-2.7.1.jar!/:2.7.1]
	at org.springframework.boot.SpringApplication.refresh(SpringApplication.java:734) ~[spring-boot-2.7.1.jar!/:2.7.1]
	at org.springframework.boot.SpringApplication.refreshContext(SpringApplication.java:408) ~[spring-boot-2.7.1.jar!/:2.7.1]
	at org.springframework.boot.SpringApplication.run(SpringApplication.java:308) ~[spring-boot-2.7.1.jar!/:2.7.1]
	at org.springframework.boot.SpringApplication.run(SpringApplication.java:1306) ~[spring-boot-2.7.1.jar!/:2.7.1]
	at org.springframework.boot.SpringApplication.run(SpringApplication.java:1295) ~[spring-boot-2.7.1.jar!/:2.7.1]
	at bssm.bsm.BsmApplication.main(BsmApplication.java:14) ~[classes!/:na]
	at java.base/jdk.internal.reflect.NativeMethodAccessorImpl.invoke0(Native Method) ~[na:na]
	at java.base/jdk.internal.reflect.NativeMethodAccessorImpl.invoke(NativeMethodAccessorImpl.java:77) ~[na:na]
	at java.base/jdk.internal.reflect.DelegatingMethodAccessorImpl.invoke(DelegatingMethodAccessorImpl.java:43) ~[na:na]
	at java.base/java.lang.reflect.Method.invoke(Method.java:568) ~[na:na]
	at org.springframework.boot.loader.MainMethodRunner.run(MainMethodRunner.java:49) ~[bsm-2.1.0.jar:na]
	at org.springframework.boot.loader.Launcher.launch(Launcher.java:108) ~[bsm-2.1.0.jar:na]
	at org.springframework.boot.loader.Launcher.launch(Launcher.java:58) ~[bsm-2.1.0.jar:na]
	at org.springframework.boot.loader.JarLauncher.main(JarLauncher.java:65) ~[bsm-2.1.0.jar:na]
Caused by: java.sql.SQLException: Referencing column 'post_id' and referenced column 'id' in foreign key constraint 'FK840q5rmr6su59jx08ltdl89ni' are incompatible.
	at com.mysql.cj.jdbc.exceptions.SQLError.createSQLException(SQLError.java:129) ~[mysql-connector-java-8.0.29.jar!/:8.0.29]
	at com.mysql.cj.jdbc.exceptions.SQLExceptionsMapping.translateException(SQLExceptionsMapping.java:122) ~[mysql-connector-java-8.0.29.jar!/:8.0.29]
	at com.mysql.cj.jdbc.StatementImpl.executeInternal(StatementImpl.java:763) ~[mysql-connector-java-8.0.29.jar!/:8.0.29]
	at com.mysql.cj.jdbc.StatementImpl.execute(StatementImpl.java:648) ~[mysql-connector-java-8.0.29.jar!/:8.0.29]
	at com.zaxxer.hikari.pool.ProxyStatement.execute(ProxyStatement.java:94) ~[HikariCP-4.0.3.jar!/:na]
	at com.zaxxer.hikari.pool.HikariProxyStatement.execute(HikariProxyStatement.java) ~[HikariCP-4.0.3.jar!/:na]
	at org.hibernate.tool.schema.internal.exec.GenerationTargetToDatabase.accept(GenerationTargetToDatabase.java:54) ~[hibernate-core-5.6.9.Final.jar!/:5.6.9.Final]
	... 122 common frames omitted

2023-08-11 14:27:10.983  INFO 207358 --- [           main] o.h.e.t.j.p.i.JtaPlatformInitiator       : HHH000490: Using JtaPlatform implementation: [org.hibernate.engine.transaction.jta.platform.internal.NoJtaPlatform]
2023-08-11 14:27:10.999  INFO 207358 --- [           main] j.LocalContainerEntityManagerFactoryBean : Initialized JPA EntityManagerFactory for persistence unit 'default'
2023-08-11 14:27:12.333 DEBUG 207358 --- [           main] o.s.b.w.s.ServletContextInitializerBeans : Mapping filters: springSecurityFilterChain urls=[/*] order=-100, filterRegistrationBean urls=[/*] order=2147483647, characterEncodingFilter urls=[/*] order=-2147483648, formContentFilter urls=[/*] order=-9900, requestContextFilter urls=[/*] order=-105, authFilterExceptionHandler urls=[/*] order=2147483647, authFilter urls=[/*] order=2147483647
2023-08-11 14:27:12.334 DEBUG 207358 --- [           main] o.s.b.w.s.ServletContextInitializerBeans : Mapping servlets: dispatcherServlet urls=[/]
Hibernate: 
    select
        postcatego0_.board_id as board_id1_10_,
        postcatego0_.id as id2_10_,
        postcatego0_.name as name3_10_ 
    from
        post_category postcatego0_
Hibernate: 
    select
        board0_.id as id1_1_0_,
        board0_.accessible_role as accessib2_1_0_,
        board0_.name as name3_1_0_,
        board0_.public_comment as public_c4_1_0_,
        board0_.public_post as public_p5_1_0_,
        board0_.sub_board_id as sub_boar6_1_0_,
        board0_.sub_board_name as sub_boar7_1_0_,
        board0_.write_comment_level as write_co8_1_0_,
        board0_.write_post_level as write_po9_1_0_ 
    from
        board board0_ 
    where
        board0_.id=?
Hibernate: 
    select
        board0_.id as id1_1_0_,
        categories1_.board_id as board_id1_10_1_,
        categories1_.id as id2_10_1_,
        board0_.accessible_role as accessib2_1_0_,
        board0_.name as name3_1_0_,
        board0_.public_comment as public_c4_1_0_,
        board0_.public_post as public_p5_1_0_,
        board0_.sub_board_id as sub_boar6_1_0_,
        board0_.sub_board_name as sub_boar7_1_0_,
        board0_.write_comment_level as write_co8_1_0_,
        board0_.write_post_level as write_po9_1_0_,
        categories1_.name as name3_10_1_,
        categories1_.board_id as board_id1_10_0__,
        categories1_.id as id2_10_0__ 
    from
        board board0_ 
    left outer join
        post_category categories1_ 
            on board0_.id=categories1_.board_id
2023-08-11 14:27:14.788  WARN 207358 --- [           main] JpaBaseConfiguration$JpaWebConfiguration : spring.jpa.open-in-view is enabled by default. Therefore, database queries may be performed during view rendering. Explicitly configure spring.jpa.open-in-view to disable this warning
2023-08-11 14:27:14.941 DEBUG 207358 --- [           main] s.w.s.m.m.a.RequestMappingHandlerMapping : 45 mappings in 'requestMappingHandlerMapping'
2023-08-11 14:27:15.002 DEBUG 207358 --- [           main] o.s.w.s.handler.SimpleUrlHandlerMapping  : Patterns [/webjars/**, /**] in 'resourceHandlerMapping'
2023-08-11 14:27:15.055  INFO 207358 --- [           main] o.s.s.web.DefaultSecurityFilterChain     : Will secure any request with [org.springframework.security.web.session.DisableEncodeUrlFilter@64910b2d, org.springframework.security.web.context.request.async.WebAsyncManagerIntegrationFilter@1247c72e, org.springframework.security.web.context.SecurityContextPersistenceFilter@3d40498a, org.springframework.security.web.header.HeaderWriterFilter@c0c8f96, org.springframework.web.filter.CorsFilter@6fef75c6, org.springframework.security.web.authentication.logout.LogoutFilter@2755617b, bssm.bsm.global.auth.AuthFilter@124d26ba, bssm.bsm.global.auth.AuthFilterExceptionHandler@b968a76, org.springframework.security.web.savedrequest.RequestCacheAwareFilter@482a58c7, org.springframework.security.web.servletapi.SecurityContextHolderAwareRequestFilter@3e74fd84, org.springframework.security.web.authentication.AnonymousAuthenticationFilter@5f61e002, org.springframework.security.web.session.SessionManagementFilter@3e52ed5d, org.springframework.security.web.access.ExceptionTranslationFilter@640c216b, org.springframework.security.web.access.intercept.FilterSecurityInterceptor@49e7e8f1]
2023-08-11 14:27:15.255 DEBUG 207358 --- [           main] s.w.s.m.m.a.RequestMappingHandlerAdapter : ControllerAdvice beans: 0 @ModelAttribute, 0 @InitBinder, 1 RequestBodyAdvice, 1 ResponseBodyAdvice
2023-08-11 14:27:15.319 DEBUG 207358 --- [           main] .m.m.a.ExceptionHandlerExceptionResolver : ControllerAdvice beans: 1 @ExceptionHandler, 1 ResponseBodyAdvice
2023-08-11 14:27:15.499  INFO 207358 --- [           main] o.s.b.w.embedded.tomcat.TomcatWebServer  : Tomcat started on port(s): 8080 (http) with context path '/api'
2023-08-11 14:27:15.517  INFO 207358 --- [           main] bssm.bsm.BsmApplication                  : Started BsmApplication in 14.075 seconds (JVM running for 14.886)
2023-08-11 14:27:17.137  INFO 207358 --- [nio-8080-exec-1] o.a.c.c.C.[Tomcat].[localhost].[/api]    : Initializing Spring DispatcherServlet 'dispatcherServlet'
2023-08-11 14:27:17.138  INFO 207358 --- [nio-8080-exec-1] o.s.web.servlet.DispatcherServlet        : Initializing Servlet 'dispatcherServlet'
2023-08-11 14:27:17.138 DEBUG 207358 --- [nio-8080-exec-1] o.s.web.servlet.DispatcherServlet        : Detected StandardServletMultipartResolver
2023-08-11 14:27:17.138 DEBUG 207358 --- [nio-8080-exec-1] o.s.web.servlet.DispatcherServlet        : Detected AcceptHeaderLocaleResolver
2023-08-11 14:27:17.138 DEBUG 207358 --- [nio-8080-exec-1] o.s.web.servlet.DispatcherServlet        : Detected FixedThemeResolver
2023-08-11 14:27:17.140 DEBUG 207358 --- [nio-8080-exec-1] o.s.web.servlet.DispatcherServlet        : Detected org.springframework.web.servlet.view.DefaultRequestToViewNameTranslator@45d389f2
2023-08-11 14:27:17.140 DEBUG 207358 --- [nio-8080-exec-1] o.s.web.servlet.DispatcherServlet        : Detected org.springframework.web.servlet.support.SessionFlashMapManager@3b39e79b
2023-08-11 14:27:17.141 DEBUG 207358 --- [nio-8080-exec-1] o.s.web.servlet.DispatcherServlet        : enableLoggingRequestDetails='false': request parameters and headers will be masked to prevent unsafe logging of potentially sensitive data
2023-08-11 14:27:17.141  INFO 207358 --- [nio-8080-exec-1] o.s.web.servlet.DispatcherServlet        : Completed initialization in 3 ms
2023-08-11 14:27:17.179 DEBUG 207358 --- [nio-8080-exec-1] s.w.s.m.m.a.RequestMappingHandlerMapping : Mapped to bssm.bsm.domain.user.presentation.UserController#getUserInfo()
Hibernate: 
    select
        refreshtok0_.token as token1_12_,
        refreshtok0_.created_at as created_2_12_,
        refreshtok0_.is_available as is_avail3_12_,
        refreshtok0_.user_code as user_cod4_12_ 
    from
        refresh_token refreshtok0_ 
    where
        refreshtok0_.token=? 
        and refreshtok0_.is_available=?
Hibernate: 
    select
        user0_.code as code1_19_0_,
        user0_.created_at as created_2_19_0_,
        user0_.modified_at as modified3_19_0_,
        user0_.level as level4_19_0_,
        user0_.nickname as nickname5_19_0_,
        user0_.oauth_token as oauth_to6_19_0_,
        user0_.role as role7_19_0_,
        user0_.student_id as student_8_19_0_,
        user0_.teacher_id as teacher_9_19_0_,
        student1_.student_id as student_1_13_1_,
        student1_.class_no as class_no2_13_1_,
        student1_.email as email3_13_1_,
        student1_.enrolled_at as enrolled4_13_1_,
        student1_.grade as grade5_13_1_,
        student1_.name as name6_13_1_,
        student1_.student_no as student_7_13_1_,
        teacher2_.teacher_id as teacher_1_14_2_,
        teacher2_.email as email2_14_2_,
        teacher2_.name as name3_14_2_ 
    from
        user user0_ 
    left outer join
        student student1_ 
            on user0_.student_id=student1_.student_id 
    left outer join
        teacher teacher2_ 
            on user0_.teacher_id=teacher2_.teacher_id 
    where
        user0_.code=?
2023-08-11 14:27:17.910 DEBUG 207358 --- [nio-8080-exec-1] o.s.web.servlet.DispatcherServlet        : GET "/api/user", parameters={}
2023-08-11 14:27:17.912 DEBUG 207358 --- [nio-8080-exec-1] s.w.s.m.m.a.RequestMappingHandlerMapping : Mapped to bssm.bsm.domain.user.presentation.UserController#getUserInfo()
2023-08-11 14:27:17.966 DEBUG 207358 --- [nio-8080-exec-1] m.m.a.RequestResponseBodyMethodProcessor : Using 'application/json', given [application/json, text/plain, */*] and supported [application/json, application/*+json, application/json, application/*+json]
2023-08-11 14:27:17.966 DEBUG 207358 --- [nio-8080-exec-1] m.m.a.RequestResponseBodyMethodProcessor : Writing [bssm.bsm.domain.user.presentation.dto.res.UserDetailRes@2544c205]
2023-08-11 14:27:18.013 DEBUG 207358 --- [nio-8080-exec-1] o.s.web.servlet.DispatcherServlet        : Completed 200 OK
2023-08-11 14:27:26.091 DEBUG 207358 --- [nio-8080-exec-2] s.w.s.m.m.a.RequestMappingHandlerMapping : Mapped to bssm.bsm.domain.user.presentation.UserController#getUserInfo()
2023-08-11 14:27:26.098 DEBUG 207358 --- [nio-8080-exec-2] o.s.web.servlet.DispatcherServlet        : GET "/api/user", parameters={}
2023-08-11 14:27:26.099 DEBUG 207358 --- [nio-8080-exec-2] s.w.s.m.m.a.RequestMappingHandlerMapping : Mapped to bssm.bsm.domain.user.presentation.UserController#getUserInfo()
2023-08-11 14:27:26.112 DEBUG 207358 --- [nio-8080-exec-2] m.m.a.RequestResponseBodyMethodProcessor : Using 'application/json', given [application/json, text/plain, */*] and supported [application/json, application/*+json, application/json, application/*+json]
2023-08-11 14:27:26.113 DEBUG 207358 --- [nio-8080-exec-2] m.m.a.RequestResponseBodyMethodProcessor : Writing [bssm.bsm.domain.user.presentation.dto.res.UserDetailRes@20e6f7ad]
2023-08-11 14:27:26.115 DEBUG 207358 --- [nio-8080-exec-2] o.s.web.servlet.DispatcherServlet        : Completed 200 OK
2023-08-11 14:27:26.898 DEBUG 207358 --- [nio-8080-exec-3] s.w.s.m.m.a.RequestMappingHandlerMapping : Mapped to bssm.bsm.domain.user.presentation.UserController#getUserInfo()
2023-08-11 14:27:26.904 DEBUG 207358 --- [nio-8080-exec-3] o.s.web.servlet.DispatcherServlet        : GET "/api/user", parameters={}
2023-08-11 14:27:26.905 DEBUG 207358 --- [nio-8080-exec-3] s.w.s.m.m.a.RequestMappingHandlerMapping : Mapped to bssm.bsm.domain.user.presentation.UserController#getUserInfo()
2023-08-11 14:27:26.916 DEBUG 207358 --- [nio-8080-exec-3] m.m.a.RequestResponseBodyMethodProcessor : Using 'application/json', given [application/json, text/plain, */*] and supported [application/json, application/*+json, application/json, application/*+json]
2023-08-11 14:27:26.916 DEBUG 207358 --- [nio-8080-exec-3] m.m.a.RequestResponseBodyMethodProcessor : Writing [bssm.bsm.domain.user.presentation.dto.res.UserDetailRes@28f76201]
2023-08-11 14:27:26.919 DEBUG 207358 --- [nio-8080-exec-3] o.s.web.servlet.DispatcherServlet        : Completed 200 OK
2023-08-11 14:27:33.030 DEBUG 207358 --- [nio-8080-exec-4] s.w.s.m.m.a.RequestMappingHandlerMapping : Mapped to bssm.bsm.domain.user.presentation.UserController#getUserInfo()
2023-08-11 14:27:33.058 DEBUG 207358 --- [nio-8080-exec-5] s.w.s.m.m.a.RequestMappingHandlerMapping : Mapped to bssm.bsm.domain.user.presentation.UserController#getUserInfo()
